[debug] [2019-06-14T11:08:58.791Z] ----------------------------------------------------------------------
[debug] [2019-06-14T11:08:58.798Z] Command:       /Users/jeremybarbe/.nvm/versions/node/v10.0.0/bin/node /Users/jeremybarbe/.nvm/versions/node/v10.0.0/bin/firebase deploy --only hosting
[debug] [2019-06-14T11:08:58.799Z] CLI Version:   6.2.2
[debug] [2019-06-14T11:08:58.799Z] Platform:      darwin
[debug] [2019-06-14T11:08:58.800Z] Node Version:  v10.0.0
[debug] [2019-06-14T11:08:58.804Z] Time:          Fri Jun 14 2019 19:08:58 GMT+0800 (CST)
[debug] [2019-06-14T11:08:58.804Z] ----------------------------------------------------------------------
[debug] 
[debug] [2019-06-14T11:08:58.838Z] > command requires scopes: ["email","openid","https://www.googleapis.com/auth/cloudplatformprojects.readonly","https://www.googleapis.com/auth/firebase","https://www.googleapis.com/auth/cloud-platform"]
[debug] [2019-06-14T11:08:58.838Z] > authorizing via signed-in user
[debug] [2019-06-14T11:08:58.839Z] [iam] checking project grippping for permissions ["firebase.projects.get","firebasehosting.sites.update"]
[debug] [2019-06-14T11:08:58.845Z] > refreshing access token with scopes: ["email","https://www.googleapis.com/auth/cloud-platform","https://www.googleapis.com/auth/cloudplatformprojects.readonly","https://www.googleapis.com/auth/firebase","openid"]
[debug] [2019-06-14T11:08:58.847Z] >>> HTTP REQUEST POST https://www.googleapis.com/oauth2/v3/token  
 <request body omitted>
[debug] [2019-06-14T11:09:00.748Z] <<< HTTP RESPONSE 200
[debug] [2019-06-14T11:09:00.799Z] >>> HTTP REQUEST POST https://cloudresourcemanager.googleapis.com/v1/projects/grippping:testIamPermissions  

[debug] [2019-06-14T11:09:32.701Z] Error: getaddrinfo ENOTFOUND cloudresourcemanager.googleapis.com cloudresourcemanager.googleapis.com:443
    at GetAddrInfoReqWrap.onlookup [as oncomplete] (dns.js:50:26)
[error] 
[error] Error: Server Error. getaddrinfo ENOTFOUND cloudresourcemanager.googleapis.com cloudresourcemanager.googleapis.com:443
